<?xml version="1.0" encoding="UTF-8"?>
<!-- Generated by org.testng.reporters.JUnitReportReporter -->
<testsuite hostname="IND-CHN-LT12483" failures="0" tests="2" name="runner.testRunner" time="34.895" errors="0" timestamp="2024-02-04T21:25:47 IST" skipped="0">
  <testcase classname="runner.testRunner" name="runScenario" time="17.557"/>
  <system-out/>
  <testcase classname="runner.testRunner" name="runScenario" time="17.338"/>
  <system-out/>
</testsuite> <!-- runner.testRunner -->
