<?xml version="1.0" encoding="UTF-8"?>
<!-- Generated by org.testng.reporters.JUnitReportReporter -->
<testsuite hostname="IND-CHN-LT12483" failures="0" tests="1" name="runner.testRunner" time="19.136" errors="0" timestamp="2024-02-05T13:06:12 IST" skipped="0">
  <testcase classname="runner.testRunner" name="runScenario" time="19.136"/>
  <system-out/>
</testsuite> <!-- runner.testRunner -->
