<?xml version="1.0" encoding="UTF-8"?>
<!-- Generated by org.testng.reporters.JUnitReportReporter -->
<testsuite hostname="IND-CHN-LT12483" failures="0" tests="7" name="runner.testRunner" time="169.419" errors="0" timestamp="2024-02-16T18:01:12 IST" skipped="0">
  <testcase classname="runner.testRunner" name="runScenario" time="30.908"/>
  <system-out/>
  <testcase classname="runner.testRunner" name="runScenario" time="19.921"/>
  <system-out/>
  <testcase classname="runner.testRunner" name="runScenario" time="18.405"/>
  <system-out/>
  <testcase classname="runner.testRunner" name="runScenario" time="32.470"/>
  <system-out/>
  <testcase classname="runner.testRunner" name="runScenario" time="25.928"/>
  <system-out/>
  <testcase classname="runner.testRunner" name="runScenario" time="23.638"/>
  <system-out/>
  <testcase classname="runner.testRunner" name="runScenario" time="18.149"/>
  <system-out/>
</testsuite> <!-- runner.testRunner -->
