<?xml version="1.0" encoding="UTF-8"?>
<!-- Generated by org.testng.reporters.JUnitReportReporter -->
<testsuite hostname="IND-CHN-LT12483" failures="0" tests="3" name="runner.testRunner" time="48.700" errors="0" timestamp="2024-02-06T15:03:16 IST" skipped="0">
  <testcase classname="runner.testRunner" name="runScenario" time="15.318"/>
  <system-out/>
  <testcase classname="runner.testRunner" name="runScenario" time="17.344"/>
  <system-out/>
  <testcase classname="runner.testRunner" name="runScenario" time="16.038"/>
  <system-out/>
</testsuite> <!-- runner.testRunner -->
