<?xml version="1.0" encoding="UTF-8"?>
<!-- Generated by org.testng.reporters.JUnitReportReporter -->
<testsuite hostname="IND-CHN-LT12483" failures="0" tests="1" name="runner.testRunner" time="9.493" errors="0" timestamp="2024-02-02T18:20:46 IST" skipped="0">
  <testcase classname="runner.testRunner" name="runScenario" time="9.493"/>
  <system-out/>
</testsuite> <!-- runner.testRunner -->
