<?xml version="1.0" encoding="UTF-8"?>
<!-- Generated by org.testng.reporters.JUnitReportReporter -->
<testsuite hostname="IND-CHN-LT12483" failures="0" tests="7" name="runner.testRunner" time="202.016" errors="0" timestamp="2024-02-16T16:42:21 IST" skipped="0">
  <testcase classname="runner.testRunner" name="runScenario" time="24.029"/>
  <system-out/>
  <testcase classname="runner.testRunner" name="runScenario" time="34.338"/>
  <system-out/>
  <testcase classname="runner.testRunner" name="runScenario" time="19.504"/>
  <system-out/>
  <testcase classname="runner.testRunner" name="runScenario" time="37.150"/>
  <system-out/>
  <testcase classname="runner.testRunner" name="runScenario" time="35.952"/>
  <system-out/>
  <testcase classname="runner.testRunner" name="runScenario" time="25.131"/>
  <system-out/>
  <testcase classname="runner.testRunner" name="runScenario" time="25.912"/>
  <system-out/>
</testsuite> <!-- runner.testRunner -->
