<?xml version="1.0" encoding="UTF-8"?>
<!-- Generated by org.testng.reporters.JUnitReportReporter -->
<testsuite skipped="0" hostname="IND-CHN-LT12483" name="runner.testRunner" tests="1" failures="0" timestamp="2024-02-03T05:41:50 IST" time="0.265" errors="0">
  <testcase name="runScenario" time="0.265" classname="runner.testRunner"/>
  <system-out/>
</testsuite> <!-- runner.testRunner -->
